Crashlog created at 2014-03-06 15:07:17 +0200

=== MESSAGE:

RuntimeError: Could not read content/guides/api-auth.md because the file is not valid US-ASCII.

=== COMPILATION STACK:

  (empty)

=== BACKTRACE:

  0. /Users/skanct/.rvm/gems/ruby-1.9.3-p484/gems/nanoc-3.4.3/lib/nanoc/data_sources/filesystem.rb:302:in `raise_encoding_error'
  1. /Users/skanct/.rvm/gems/ruby-1.9.3-p484/gems/nanoc-3.4.3/lib/nanoc/data_sources/filesystem.rb:290:in `rescue in read'
  2. /Users/skanct/.rvm/gems/ruby-1.9.3-p484/gems/nanoc-3.4.3/lib/nanoc/data_sources/filesystem.rb:290:in `read'
  3. /Users/skanct/.rvm/gems/ruby-1.9.3-p484/gems/nanoc-3.4.3/lib/nanoc/data_sources/filesystem.rb:242:in `parse'
  4. /Users/skanct/.rvm/gems/ruby-1.9.3-p484/gems/nanoc-3.4.3/lib/nanoc/data_sources/filesystem.rb:89:in `block in load_objects'
  5. /Users/skanct/.rvm/gems/ruby-1.9.3-p484/gems/nanoc-3.4.3/lib/nanoc/data_sources/filesystem.rb:78:in `each'
  6. /Users/skanct/.rvm/gems/ruby-1.9.3-p484/gems/nanoc-3.4.3/lib/nanoc/data_sources/filesystem.rb:78:in `map'
  7. /Users/skanct/.rvm/gems/ruby-1.9.3-p484/gems/nanoc-3.4.3/lib/nanoc/data_sources/filesystem.rb:78:in `load_objects'
  8. /Users/skanct/.rvm/gems/ruby-1.9.3-p484/gems/nanoc-3.4.3/lib/nanoc/data_sources/filesystem.rb:37:in `items'
  9. /Users/skanct/.rvm/gems/ruby-1.9.3-p484/gems/nanoc-3.4.3/lib/nanoc/base/source_data/site.rb:314:in `block in load_items'
  10. /Users/skanct/.rvm/gems/ruby-1.9.3-p484/gems/nanoc-3.4.3/lib/nanoc/base/source_data/site.rb:313:in `each'
  11. /Users/skanct/.rvm/gems/ruby-1.9.3-p484/gems/nanoc-3.4.3/lib/nanoc/base/source_data/site.rb:313:in `load_items'
  12. /Users/skanct/.rvm/gems/ruby-1.9.3-p484/gems/nanoc-3.4.3/lib/nanoc/base/source_data/site.rb:247:in `load'
  13. /Users/skanct/.rvm/gems/ruby-1.9.3-p484/gems/nanoc-3.4.3/lib/nanoc/base/source_data/site.rb:127:in `layouts'
  14. /Users/skanct/.rvm/gems/ruby-1.9.3-p484/gems/nanoc-3.4.3/lib/nanoc/base/compilation/compiler.rb:186:in `dependency_tracker'
  15. /Users/skanct/.rvm/gems/ruby-1.9.3-p484/gems/nanoc-3.4.3/lib/nanoc/base/memoization.rb:56:in `block in memoize'
  16. /Users/skanct/.rvm/gems/ruby-1.9.3-p484/gems/nanoc-3.4.3/lib/nanoc/base/compilation/compiler.rb:455:in `stores'
  17. /Users/skanct/.rvm/gems/ruby-1.9.3-p484/gems/nanoc-3.4.3/lib/nanoc/base/compilation/compiler.rb:145:in `unload'
  18. /Users/skanct/.rvm/gems/ruby-1.9.3-p484/gems/nanoc-3.4.3/lib/nanoc/base/source_data/site.rb:278:in `unload'
  19. /Users/skanct/.rvm/gems/ruby-1.9.3-p484/gems/nanoc-3.4.3/lib/nanoc/base/source_data/site.rb:258:in `rescue in load'
  20. /Users/skanct/.rvm/gems/ruby-1.9.3-p484/gems/nanoc-3.4.3/lib/nanoc/base/source_data/site.rb:262:in `load'
  21. /Users/skanct/.rvm/gems/ruby-1.9.3-p484/gems/nanoc-3.4.3/lib/nanoc/base/compilation/compiler.rb:116:in `load'
  22. /Users/skanct/.rvm/gems/ruby-1.9.3-p484/gems/nanoc-3.4.3/lib/nanoc/base/compilation/compiler.rb:82:in `run'
  23. /Users/skanct/.rvm/gems/ruby-1.9.3-p484/gems/nanoc-3.4.3/lib/nanoc/base/source_data/site.rb:58:in `compile'
  24. /Users/skanct/.rvm/gems/ruby-1.9.3-p484/gems/nanoc-3.4.3/lib/nanoc/cli/commands/compile.rb:62:in `run'
  25. /Users/skanct/.rvm/gems/ruby-1.9.3-p484/gems/nanoc-3.4.3/lib/nanoc/cli/command_runner.rb:14:in `block in call'
  26. /Users/skanct/.rvm/gems/ruby-1.9.3-p484/gems/nanoc-3.4.3/lib/nanoc/cli/error_handler.rb:63:in `handle_while'
  27. /Users/skanct/.rvm/gems/ruby-1.9.3-p484/gems/nanoc-3.4.3/lib/nanoc/cli/error_handler.rb:26:in `handle_while'
  28. /Users/skanct/.rvm/gems/ruby-1.9.3-p484/gems/nanoc-3.4.3/lib/nanoc/cli/command_runner.rb:13:in `call'
  29. /Users/skanct/.rvm/gems/ruby-1.9.3-p484/gems/cri-2.4.1/lib/cri/command_dsl.rb:185:in `block in runner'
  30. /Users/skanct/.rvm/gems/ruby-1.9.3-p484/gems/cri-2.4.1/lib/cri/command.rb:298:in `call'
  31. /Users/skanct/.rvm/gems/ruby-1.9.3-p484/gems/cri-2.4.1/lib/cri/command.rb:298:in `run_this'
  32. /Users/skanct/.rvm/gems/ruby-1.9.3-p484/gems/cri-2.4.1/lib/cri/command.rb:251:in `run'
  33. /Users/skanct/.rvm/gems/ruby-1.9.3-p484/gems/nanoc-3.4.3/lib/nanoc/cli/commands/nanoc.rb:39:in `block in define'
  34. /Users/skanct/.rvm/gems/ruby-1.9.3-p484/gems/cri-2.4.1/lib/cri/command.rb:298:in `call'
  35. /Users/skanct/.rvm/gems/ruby-1.9.3-p484/gems/cri-2.4.1/lib/cri/command.rb:298:in `run_this'
  36. /Users/skanct/.rvm/gems/ruby-1.9.3-p484/gems/cri-2.4.1/lib/cri/command.rb:251:in `run'
  37. /Users/skanct/.rvm/gems/ruby-1.9.3-p484/gems/nanoc-3.4.3/lib/nanoc/cli.rb:52:in `block in run'
  38. /Users/skanct/.rvm/gems/ruby-1.9.3-p484/gems/nanoc-3.4.3/lib/nanoc/cli/error_handler.rb:63:in `handle_while'
  39. /Users/skanct/.rvm/gems/ruby-1.9.3-p484/gems/nanoc-3.4.3/lib/nanoc/cli/error_handler.rb:26:in `handle_while'
  40. /Users/skanct/.rvm/gems/ruby-1.9.3-p484/gems/nanoc-3.4.3/lib/nanoc/cli.rb:50:in `run'
  41. /Users/skanct/.rvm/gems/ruby-1.9.3-p484/gems/nanoc-3.4.3/bin/nanoc:19:in `<top (required)>'
  42. /Users/skanct/.rvm/gems/ruby-1.9.3-p484/bin/nanoc:23:in `load'
  43. /Users/skanct/.rvm/gems/ruby-1.9.3-p484/bin/nanoc:23:in `<main>'

=== VERSION INFORMATION:

nanoc 3.4.3 © 2007-2012 Denis Defreyne.
Running ruby 1.9.3 (2013-11-22) on x86_64-darwin13.0.0 with RubyGems 2.1.11.

=== SYSTEM INFORMATION:

Darwin amaryllis.local 13.1.0 Darwin Kernel Version 13.1.0: Thu Jan 16 19:40:37 PST 2014; root:xnu-2422.90.20~2/RELEASE_X86_64 x86_64

=== INSTALLED GEMS:

  adsf 1.2.0
  blankslate 3.1.2
  builder 3.2.2
  bundler 1.3.5
  coderay 1.1.0
  colored 1.2
  cri 2.4.1
  daemons 1.1.9
  eventmachine 1.0.3
  ffi 1.0.11
  fssm 0.2.10
  kramdown 0.13.8
  mime-types 1.25.1
  nanoc 3.4.3
  nokogiri 1.4.7
  pygments.rb 0.2.13
  rack 1.5.2
  rubypython 0.5.3
  systemu 2.6.0
  thin 1.6.1
  yajl-ruby 0.8.3

=== ENVIRONMENT:

Apple_PubSub_Socket_Render => "/tmp/launch-9OAsHU/Render"
BUNDLE_BIN_PATH => "/Users/skanct/.rvm/gems/ruby-1.9.3-p484/gems/bundler-1.3.5/bin/bundle"
BUNDLE_GEMFILE => "/Users/skanct/Repositories/GRNET/epic.grnet.gr/Gemfile"
DISPLAY => "/tmp/launch-iBSDFw/org.macosforge.xquartz:0"
EC2_CERT => "/Users/skanct/.ec2/cert-echarta.pem"
EC2_HOME => "/usr/local/Library/LinkedKegs/ec2-api-tools/jars"
EC2_PRIVATE_KEY => "/Users/skanct/.ec2/pk-echarta.pem"
GEM_HOME => "/Users/skanct/.rvm/gems/ruby-1.9.3-p484"
GEM_PATH => "/Users/skanct/.rvm/gems/ruby-1.9.3-p484:/Users/skanct/.rvm/gems/ruby-1.9.3-p484@global"
GOPATH => "/Users/skanct/Repositories/Personal/go"
GPG_AGENT_INFO => "/Users/skanct/.gnupg/S.gpg-agent:322:1"
GREP_COLOR => "1;32"
GREP_OPTIONS => "--color=auto"
HOME => "/Users/skanct"
IRBRC => "/Users/skanct/.rvm/rubies/ruby-1.9.3-p484/.irbrc"
ITERM_PROFILE => "Default"
ITERM_SESSION_ID => "w0t1p0"
JAVA_HOME => "/System/Library/Java/JavaVirtualMachines/1.6.0.jdk/Contents/Home"
LC_CTYPE => ""
LESS => "-R"
LOGNAME => "skanct"
LSCOLORS => "Gxfxcxdxbxegedabagacad"
MANPATH => "/Users/skanct/.rvm/gems/ruby-1.9.3-p484/gems/kramdown-0.13.8/man"
MY_RUBY_HOME => "/Users/skanct/.rvm/rubies/ruby-1.9.3-p484"
OLDPWD => "/Users/skanct/Repositories/GRNET"
PAGER => "less"
PATH => "/Users/skanct/.rvm/gems/ruby-1.9.3-p484/bin:/Users/skanct/.rvm/gems/ruby-1.9.3-p484@global/bin:/Users/skanct/.rvm/rubies/ruby-1.9.3-p484/bin:/Users/skanct/.rvm/bin:/usr/bin:/bin:/usr/sbin:/sbin:/usr/local/bin:/Users/skanct/bin::/usr/local/smlnj-110.75/bin"
PWD => "/Users/skanct/Repositories/GRNET/epic.grnet.gr"
PYTHONPATH => "/usr/local/lib/python2.7/site-packages:"
RUBYOPT => "-I/Users/skanct/.rvm/gems/ruby-1.9.3-p484/gems/bundler-1.3.5/lib -rbundler/setup"
RUBY_VERSION => "ruby-1.9.3-p484"
SECURITYSESSIONID => "186a4"
SHELL => "/usr/local/bin/zsh"
SHLVL => "1"
SSH_AUTH_SOCK => "/tmp/launch-ktHhFW/Listeners"
TERM => "xterm-256color"
TERM_PROGRAM => "iTerm.app"
TMPDIR => "/var/folders/1k/mryjzgn542nckgf3v6dxx0080000gn/T/"
USER => "skanct"
XML_CATALOG_FILES => "/usr/local/etc/xml/catalog"
_ => "/Users/skanct/.rvm/gems/ruby-1.9.3-p484/bin/nanoc"
_ORIGINAL_GEM_PATH => "/Users/skanct/.rvm/gems/ruby-1.9.3-p484:/Users/skanct/.rvm/gems/ruby-1.9.3-p484@global"
__CF_USER_TEXT_ENCODING => "0x1F5:0:0"
__CHECKFIX1436934 => "1"
_system_arch => "x86_64"
_system_name => "OSX"
_system_type => "Darwin"
_system_version => "10.9"
rvm_alias_expanded => ""
rvm_bin_flag => ""
rvm_bin_path => "/Users/skanct/.rvm/bin"
rvm_delete_flag => "0"
rvm_docs_type => ""
rvm_file_name => ""
rvm_gemstone_package_file => ""
rvm_gemstone_url => ""
rvm_niceness => ""
rvm_nightly_flag => ""
rvm_only_path_flag => ""
rvm_path => "/Users/skanct/.rvm"
rvm_prefix => "/Users/skanct"
rvm_proxy => ""
rvm_quiet_flag => ""
rvm_ruby_alias => ""
rvm_ruby_bits => ""
rvm_ruby_file => ""
rvm_ruby_make => ""
rvm_ruby_make_install => ""
rvm_ruby_mode => ""
rvm_ruby_string => ""
rvm_script_name => ""
rvm_sdk => ""
rvm_silent_flag => ""
rvm_sticky_flag => ""
rvm_system_flag => ""
rvm_use_flag => ""
rvm_user_flag => ""
rvm_version => "1.24.7 (stable)"
rvm_wrapper_name => ""

=== GEMFILE.LOCK:

GEM
  remote: http://rubygems.org/
  specs:
    adsf (1.2.0)
      rack (>= 1.0.0)
    blankslate (3.1.2)
    builder (3.2.2)
    coderay (1.1.0)
    colored (1.2)
    cri (2.4.1)
      colored (>= 1.2)
    daemons (1.1.9)
    eventmachine (1.0.3)
    ffi (1.0.11)
    fssm (0.2.10)
    kramdown (0.13.8)
    mime-types (1.25.1)
    nanoc (3.4.3)
      cri (~> 2.2)
    nokogiri (1.4.7)
    pygments.rb (0.2.13)
      rubypython (~> 0.5.3)
    rack (1.5.2)
    rubypython (0.5.3)
      blankslate (>= 2.1.2.3)
      ffi (~> 1.0.7)
    systemu (2.6.0)
    thin (1.6.1)
      daemons (>= 1.0.9)
      eventmachine (>= 1.0.0)
      rack (>= 1.0.0)
    yajl-ruby (0.8.3)

PLATFORMS
  ruby

DEPENDENCIES
  adsf
  builder
  coderay
  fssm
  kramdown (~> 0.13.2)
  mime-types (~> 1.16)
  nanoc (~> 3.4.3)
  nokogiri (~> 1.4.4)
  pygments.rb
  systemu
  thin
  yajl-ruby (~> 0.8.2)

=== $LOAD_PATH:

  0. /Users/skanct/.rvm/gems/ruby-1.9.3-p484/gems/nanoc-3.4.3/lib
  1. /Users/skanct/.rvm/gems/ruby-1.9.3-p484/gems/yajl-ruby-0.8.3/lib
  2. /Users/skanct/.rvm/gems/ruby-1.9.3-p484/gems/yajl-ruby-0.8.3/ext
  3. /Users/skanct/.rvm/gems/ruby-1.9.3-p484/gems/thin-1.6.1/lib
  4. /Users/skanct/.rvm/gems/ruby-1.9.3-p484/gems/systemu-2.6.0/lib
  5. /Users/skanct/.rvm/gems/ruby-1.9.3-p484/gems/pygments.rb-0.2.13/lib
  6. /Users/skanct/.rvm/gems/ruby-1.9.3-p484/gems/rubypython-0.5.3/lib
  7. /Users/skanct/.rvm/gems/ruby-1.9.3-p484/gems/nokogiri-1.4.7/lib
  8. /Users/skanct/.rvm/gems/ruby-1.9.3-p484/gems/nanoc-3.4.3/lib
  9. /Users/skanct/.rvm/gems/ruby-1.9.3-p484/gems/mime-types-1.25.1/lib
  10. /Users/skanct/.rvm/gems/ruby-1.9.3-p484/gems/kramdown-0.13.8/lib
  11. /Users/skanct/.rvm/gems/ruby-1.9.3-p484/gems/fssm-0.2.10/lib
  12. /Users/skanct/.rvm/gems/ruby-1.9.3-p484/gems/ffi-1.0.11/lib
  13. /Users/skanct/.rvm/gems/ruby-1.9.3-p484/gems/ffi-1.0.11/ext
  14. /Users/skanct/.rvm/gems/ruby-1.9.3-p484/gems/eventmachine-1.0.3/lib
  15. /Users/skanct/.rvm/gems/ruby-1.9.3-p484/gems/daemons-1.1.9/lib
  16. /Users/skanct/.rvm/gems/ruby-1.9.3-p484/gems/cri-2.4.1/lib
  17. /Users/skanct/.rvm/gems/ruby-1.9.3-p484/gems/colored-1.2/lib
  18. /Users/skanct/.rvm/gems/ruby-1.9.3-p484/gems/coderay-1.1.0/lib
  19. /Users/skanct/.rvm/gems/ruby-1.9.3-p484/gems/builder-3.2.2/lib
  20. /Users/skanct/.rvm/gems/ruby-1.9.3-p484/gems/blankslate-3.1.2/lib
  21. /Users/skanct/.rvm/gems/ruby-1.9.3-p484/gems/adsf-1.2.0/lib
  22. /Users/skanct/.rvm/gems/ruby-1.9.3-p484/gems/rack-1.5.2/lib
  23. /Users/skanct/.rvm/gems/ruby-1.9.3-p484/gems/bundler-1.3.5/lib
  24. /Users/skanct/.rvm/rubies/ruby-1.9.3-p484/lib/ruby/site_ruby/1.9.1
  25. /Users/skanct/.rvm/rubies/ruby-1.9.3-p484/lib/ruby/site_ruby/1.9.1/x86_64-darwin13.0.0
  26. /Users/skanct/.rvm/rubies/ruby-1.9.3-p484/lib/ruby/site_ruby
  27. /Users/skanct/.rvm/rubies/ruby-1.9.3-p484/lib/ruby/vendor_ruby/1.9.1
  28. /Users/skanct/.rvm/rubies/ruby-1.9.3-p484/lib/ruby/vendor_ruby/1.9.1/x86_64-darwin13.0.0
  29. /Users/skanct/.rvm/rubies/ruby-1.9.3-p484/lib/ruby/vendor_ruby
  30. /Users/skanct/.rvm/rubies/ruby-1.9.3-p484/lib/ruby/1.9.1
  31. /Users/skanct/.rvm/rubies/ruby-1.9.3-p484/lib/ruby/1.9.1/x86_64-darwin13.0.0
